<?xml version="1.0" encoding="UTF-8"?>
<testng-results ignored="0" total="1" passed="1" failed="0" skipped="0">
  <reporter-output>
  </reporter-output>
  <suite started-at="2024-12-11T11:20:13 IST" name="Default suite" finished-at="2024-12-11T11:20:24 IST" duration-ms="11008">
    <groups>
    </groups>
    <test started-at="2024-12-11T11:20:13 IST" name="Default test" finished-at="2024-12-11T11:20:24 IST" duration-ms="11008">
      <class name="testCases.TC001_AccountRegistrationTest">
        <test-method is-config="true" signature="setup()[pri:0, instance:testCases.TC001_AccountRegistrationTest@77f1baf5]" started-at="2024-12-11T11:20:13 IST" name="setup" finished-at="2024-12-11T11:20:23 IST" duration-ms="9399" status="PASS">
          <reporter-output>
          </reporter-output>
        </test-method> <!-- setup -->
        <test-method signature="verify_account_registration()[pri:0, instance:testCases.TC001_AccountRegistrationTest@77f1baf5]" started-at="2024-12-11T11:20:23 IST" name="verify_account_registration" finished-at="2024-12-11T11:20:24 IST" duration-ms="1554" status="PASS">
          <reporter-output>
          </reporter-output>
        </test-method> <!-- verify_account_registration -->
      </class> <!-- testCases.TC001_AccountRegistrationTest -->
    </test> <!-- Default test -->
  </suite> <!-- Default suite -->
</testng-results>
